<?xml version="1.0" encoding="UTF-8"?>
<testsuite xmlns:xsi="http://www.w3.org/2001/XMLSchema-instance" xsi:noNamespaceSchemaLocation="https://maven.apache.org/surefire/maven-surefire-plugin/xsd/surefire-test-report-3.0.xsd" version="3.0" name="app.IntegrationTest" time="0.913" tests="2" errors="0" skipped="0" failures="0">
  <properties>
[...]
</properties>
  <testcase name="somaIntegrationTest(int)" classname="app.IntegrationTest" time="0.118">
    <system-out><![CDATA[[2022-09-10 02:23:28,029]-[main] INFO  app.App - App started with:
[2022-09-10 02:23:28,033]-[main] INFO  app.App -     PID: 1612
[2022-09-10 02:23:28,033]-[main] INFO  app.App -     netty {port: 8911, ioThreads: 32, workerThreads: 128, bufferSize: 16384, maxRequestSize: 10485760, httpsOnly: false}
[2022-09-10 02:23:28,033]-[main] INFO  app.App -     env: [test]
[2022-09-10 02:23:28,033]-[main] INFO  app.App -     execution mode: default
[2022-09-10 02:23:28,034]-[main] INFO  app.App -     user: gitpod
[2022-09-10 02:23:28,034]-[main] INFO  app.App -     app dir: /workspace/gqso-914-2022/api
[2022-09-10 02:23:28,034]-[main] INFO  app.App -     tmp dir: /workspace/gqso-914-2022/api/tmp
[2022-09-10 02:23:28,034]-[main] INFO  app.App - routes: 

  GET /
  GET /soma/{nums}*
  GET /subtracao/{nums}*
  GET /multiplicacao/{nums}*

listening on:
  http://localhost:8911/

]]></system-out>
  </testcase>
  <testcase name="somaIntegrationTestError(int)" classname="app.IntegrationTest" time="0.097">
    <system-out><![CDATA[[2022-09-10 02:23:28,373]-[worker-1-2] ERROR app.App - GET /soma/2a0/2b0/2c0 400 Bad Request
java.lang.NumberFormatException: For input string: "2a0"
	at java.base/jdk.internal.math.FloatingDecimal.readJavaFormatString(FloatingDecimal.java:2054)
	at java.base/jdk.internal.math.FloatingDecimal.parseDouble(FloatingDecimal.java:110)
	at java.base/java.lang.Double.parseDouble(Double.java:543)
	at app.Soma.lambda$calculoSoma$0(Soma.java:12)
	at java.base/java.util.stream.ReferencePipeline$3$1.accept(ReferencePipeline.java:195)
	at java.base/java.util.Spliterators$ArraySpliterator.forEachRemaining(Spliterators.java:948)
	at java.base/java.util.stream.AbstractPipeline.copyInto(AbstractPipeline.java:484)
	at java.base/java.util.stream.AbstractPipeline.wrapAndCopyInto(AbstractPipeline.java:474)
	at java.base/java.util.stream.ReduceOps$ReduceOp.evaluateSequential(ReduceOps.java:913)
	at java.base/java.util.stream.AbstractPipeline.evaluate(AbstractPipeline.java:234)
	at java.base/java.util.stream.ReferencePipeline.reduce(ReferencePipeline.java:553)
	at app.Soma.calculoSoma(Soma.java:13)
	at app.Soma$Module.getCalculoSoma$nums(app.Soma$Module.java)
	at io.jooby.internal.handler.DefaultHandler.apply(DefaultHandler.java:23)
	at io.jooby.internal.handler.WorkerHandler.lambda$apply$0(WorkerHandler.java:23)
	at java.base/java.util.concurrent.ThreadPoolExecutor.runWorker(ThreadPoolExecutor.java:1128)
	at java.base/java.util.concurrent.ThreadPoolExecutor$Worker.run(ThreadPoolExecutor.java:628)
	at io.netty.util.concurrent.FastThreadLocalRunnable.run(FastThreadLocalRunnable.java:30)
	at java.base/java.lang.Thread.run(Thread.java:829)
]]></system-out>
  </testcase>
</testsuite>